2018-06-08T13:54:37.6NZ mysqld_safe Logging to '/Users/mikidispiter/data/bitnami1/mysql/data/mysqld.log'.
2018-06-08T13:54:37.6NZ mysqld_safe Starting mysqld.bin daemon with databases from /Users/mikidispiter/data/bitnami1/mysql/data
2018-06-08T13:54:37.371266Z 0 [Warning] TIMESTAMP with implicit DEFAULT value is deprecated. Please use --explicit_defaults_for_timestamp server option (see documentation for more details).
2018-06-08T13:54:37.371655Z 0 [Note] --secure-file-priv is set to NULL. Operations related to importing and exporting data are disabled
2018-06-08T13:54:37.371721Z 0 [Note] /Users/mikidispiter/data/bitnami1/mysql/bin/mysqld.bin (mysqld 5.7.22) starting as process 39037 ...
2018-06-08T13:54:37.377520Z 0 [Note] InnoDB: Mutexes and rw_locks use GCC atomic builtins
2018-06-08T13:54:37.377555Z 0 [Note] InnoDB: Uses event mutexes
2018-06-08T13:54:37.377569Z 0 [Note] InnoDB: GCC builtin __atomic_thread_fence() is used for memory barrier
2018-06-08T13:54:37.377580Z 0 [Note] InnoDB: Compressed tables use zlib 1.2.3
2018-06-08T13:54:37.377954Z 0 [Note] InnoDB: Number of pools: 1
2018-06-08T13:54:37.378096Z 0 [Note] InnoDB: Using CPU crc32 instructions
2018-06-08T13:54:37.379649Z 0 [Note] InnoDB: Initializing buffer pool, total size = 128M, instances = 1, chunk size = 128M
2018-06-08T13:54:37.392375Z 0 [Note] InnoDB: Completed initialization of buffer pool
2018-06-08T13:54:37.410729Z 0 [Note] InnoDB: Highest supported file format is Barracuda.
2018-06-08T13:54:37.423519Z 0 [Note] InnoDB: Creating shared tablespace for temporary tables
2018-06-08T13:54:37.423720Z 0 [Note] InnoDB: Setting file './ibtmp1' size to 12 MB. Physically writing the file full; Please wait ...
2018-06-08T13:54:37.448487Z 0 [Note] InnoDB: File './ibtmp1' size is now 12 MB.
2018-06-08T13:54:37.449396Z 0 [Note] InnoDB: 96 redo rollback segment(s) found. 96 redo rollback segment(s) are active.
2018-06-08T13:54:37.449433Z 0 [Note] InnoDB: 32 non-redo rollback segment(s) are active.
2018-06-08T13:54:37.449672Z 0 [Note] InnoDB: Waiting for purge to start
2018-06-08T13:54:37.505024Z 0 [Note] InnoDB: 5.7.22 started; log sequence number 2589156
2018-06-08T13:54:37.505379Z 0 [Note] InnoDB: Loading buffer pool(s) from /Users/mikidispiter/data/bitnami1/mysql/data/ib_buffer_pool
2018-06-08T13:54:37.505618Z 0 [Note] Plugin 'FEDERATED' is disabled.
2018-06-08T13:54:37.509789Z 0 [Note] InnoDB: Buffer pool(s) load completed at 180608 15:54:37
2018-06-08T13:54:37.517519Z 0 [Warning] Failed to set up SSL because of the following SSL library error: SSL context is not usable without certificate and private key
2018-06-08T13:54:37.517565Z 0 [Note] Server hostname (bind-address): '127.0.0.1'; port: 3306
2018-06-08T13:54:37.518117Z 0 [Note]   - '127.0.0.1' resolves to '127.0.0.1';
2018-06-08T13:54:37.518269Z 0 [Note] Server socket created on IP: '127.0.0.1'.
2018-06-08T13:54:37.522226Z 0 [Warning] 'user' entry 'root@localhost' ignored in --skip-name-resolve mode.
2018-06-08T13:54:37.522285Z 0 [Warning] 'user' entry 'mysql.session@localhost' ignored in --skip-name-resolve mode.
2018-06-08T13:54:37.522305Z 0 [Warning] 'user' entry 'mysql.sys@localhost' ignored in --skip-name-resolve mode.
2018-06-08T13:54:37.522340Z 0 [Warning] 'db' entry 'performance_schema mysql.session@localhost' ignored in --skip-name-resolve mode.
2018-06-08T13:54:37.522354Z 0 [Warning] 'db' entry 'sys mysql.sys@localhost' ignored in --skip-name-resolve mode.
2018-06-08T13:54:37.522384Z 0 [Warning] 'proxies_priv' entry '@ root@localhost' ignored in --skip-name-resolve mode.
2018-06-08T13:54:37.524601Z 0 [Warning] 'tables_priv' entry 'user mysql.session@localhost' ignored in --skip-name-resolve mode.
2018-06-08T13:54:37.524645Z 0 [Warning] 'tables_priv' entry 'sys_config mysql.sys@localhost' ignored in --skip-name-resolve mode.
2018-06-08T13:54:37.535934Z 0 [Note] Event Scheduler: Loaded 0 events
2018-06-08T13:54:37.536111Z 0 [Note] /Users/mikidispiter/data/bitnami1/mysql/bin/mysqld.bin: ready for connections.
Version: '5.7.22'  socket: '/Users/mikidispiter/data/bitnami1/mysql/tmp/mysql.sock'  port: 3306  MySQL Community Server (GPL)
2018-06-08T13:55:05.669893Z 4 [Warning] 'user' entry 'root@localhost' ignored in --skip-name-resolve mode.
2018-06-08T13:55:05.669942Z 4 [Warning] 'user' entry 'mysql.session@localhost' ignored in --skip-name-resolve mode.
2018-06-08T13:55:05.669962Z 4 [Warning] 'user' entry 'mysql.sys@localhost' ignored in --skip-name-resolve mode.
2018-06-08T13:55:05.669980Z 4 [Warning] 'user' entry 'bn_wordpress@localhost' ignored in --skip-name-resolve mode.
2018-06-08T13:55:05.670011Z 4 [Warning] 'db' entry 'performance_schema mysql.session@localhost' ignored in --skip-name-resolve mode.
2018-06-08T13:55:05.670025Z 4 [Warning] 'db' entry 'sys mysql.sys@localhost' ignored in --skip-name-resolve mode.
2018-06-08T13:55:05.670037Z 4 [Warning] 'db' entry 'bitnami_wordpress bn_wordpress@localhost' ignored in --skip-name-resolve mode.
2018-06-08T13:55:05.670058Z 4 [Warning] 'proxies_priv' entry '@ root@localhost' ignored in --skip-name-resolve mode.
2018-06-08T13:55:05.670386Z 4 [Warning] 'tables_priv' entry 'user mysql.session@localhost' ignored in --skip-name-resolve mode.
2018-06-08T13:55:05.670410Z 4 [Warning] 'tables_priv' entry 'sys_config mysql.sys@localhost' ignored in --skip-name-resolve mode.
2018-06-08T14:08:28.798671Z 0 [Note] Giving 0 client threads a chance to die gracefully
2018-06-08T14:08:28.798712Z 0 [Note] Shutting down slave threads
2018-06-08T14:08:28.798733Z 0 [Note] Forcefully disconnecting 0 remaining clients
2018-06-08T14:08:28.798747Z 0 [Note] Event Scheduler: Purging the queue. 0 events
2018-06-08T14:08:28.798793Z 0 [Note] Binlog end
2018-06-08T14:08:28.800241Z 0 [Note] Shutting down plugin 'ngram'
2018-06-08T14:08:28.800277Z 0 [Note] Shutting down plugin 'partition'
2018-06-08T14:08:28.800291Z 0 [Note] Shutting down plugin 'BLACKHOLE'
2018-06-08T14:08:28.800303Z 0 [Note] Shutting down plugin 'ARCHIVE'
2018-06-08T14:08:28.800315Z 0 [Note] Shutting down plugin 'PERFORMANCE_SCHEMA'
2018-06-08T14:08:28.800359Z 0 [Note] Shutting down plugin 'MRG_MYISAM'
2018-06-08T14:08:28.800377Z 0 [Note] Shutting down plugin 'MyISAM'
2018-06-08T14:08:28.800420Z 0 [Note] Shutting down plugin 'INNODB_SYS_VIRTUAL'
2018-06-08T14:08:28.800434Z 0 [Note] Shutting down plugin 'INNODB_SYS_DATAFILES'
2018-06-08T14:08:28.800446Z 0 [Note] Shutting down plugin 'INNODB_SYS_TABLESPACES'
2018-06-08T14:08:28.800458Z 0 [Note] Shutting down plugin 'INNODB_SYS_FOREIGN_COLS'
2018-06-08T14:08:28.800468Z 0 [Note] Shutting down plugin 'INNODB_SYS_FOREIGN'
2018-06-08T14:08:28.800479Z 0 [Note] Shutting down plugin 'INNODB_SYS_FIELDS'
2018-06-08T14:08:28.800490Z 0 [Note] Shutting down plugin 'INNODB_SYS_COLUMNS'
2018-06-08T14:08:28.800500Z 0 [Note] Shutting down plugin 'INNODB_SYS_INDEXES'
2018-06-08T14:08:28.800511Z 0 [Note] Shutting down plugin 'INNODB_SYS_TABLESTATS'
2018-06-08T14:08:28.800522Z 0 [Note] Shutting down plugin 'INNODB_SYS_TABLES'
2018-06-08T14:08:28.800533Z 0 [Note] Shutting down plugin 'INNODB_FT_INDEX_TABLE'
2018-06-08T14:08:28.800544Z 0 [Note] Shutting down plugin 'INNODB_FT_INDEX_CACHE'
2018-06-08T14:08:28.800555Z 0 [Note] Shutting down plugin 'INNODB_FT_CONFIG'
2018-06-08T14:08:28.800566Z 0 [Note] Shutting down plugin 'INNODB_FT_BEING_DELETED'
2018-06-08T14:08:28.800576Z 0 [Note] Shutting down plugin 'INNODB_FT_DELETED'
2018-06-08T14:08:28.800587Z 0 [Note] Shutting down plugin 'INNODB_FT_DEFAULT_STOPWORD'
2018-06-08T14:08:28.800597Z 0 [Note] Shutting down plugin 'INNODB_METRICS'
2018-06-08T14:08:28.800608Z 0 [Note] Shutting down plugin 'INNODB_TEMP_TABLE_INFO'
2018-06-08T14:08:28.800618Z 0 [Note] Shutting down plugin 'INNODB_BUFFER_POOL_STATS'
2018-06-08T14:08:28.800629Z 0 [Note] Shutting down plugin 'INNODB_BUFFER_PAGE_LRU'
2018-06-08T14:08:28.800640Z 0 [Note] Shutting down plugin 'INNODB_BUFFER_PAGE'
2018-06-08T14:08:28.800651Z 0 [Note] Shutting down plugin 'INNODB_CMP_PER_INDEX_RESET'
2018-06-08T14:08:28.800662Z 0 [Note] Shutting down plugin 'INNODB_CMP_PER_INDEX'
2018-06-08T14:08:28.800672Z 0 [Note] Shutting down plugin 'INNODB_CMPMEM_RESET'
2018-06-08T14:08:28.800683Z 0 [Note] Shutting down plugin 'INNODB_CMPMEM'
2018-06-08T14:08:28.800746Z 0 [Note] Shutting down plugin 'INNODB_CMP_RESET'
2018-06-08T14:08:28.800757Z 0 [Note] Shutting down plugin 'INNODB_CMP'
2018-06-08T14:08:28.800766Z 0 [Note] Shutting down plugin 'INNODB_LOCK_WAITS'
2018-06-08T14:08:28.800775Z 0 [Note] Shutting down plugin 'INNODB_LOCKS'
2018-06-08T14:08:28.800784Z 0 [Note] Shutting down plugin 'INNODB_TRX'
2018-06-08T14:08:28.800793Z 0 [Note] Shutting down plugin 'InnoDB'
2018-06-08T14:08:28.800856Z 0 [Note] InnoDB: FTS optimize thread exiting.
2018-06-08T14:08:28.800939Z 0 [Note] InnoDB: Starting shutdown...
2018-06-08T14:08:28.906415Z 0 [Note] InnoDB: Dumping buffer pool(s) to /Users/mikidispiter/data/bitnami1/mysql/data/ib_buffer_pool
2018-06-08T14:08:28.907405Z 0 [Note] InnoDB: Buffer pool(s) dump completed at 180608 16:08:28
2018-06-08T14:08:30.154980Z 0 [Note] InnoDB: Shutdown completed; log sequence number 3413520
2018-06-08T14:08:30.156587Z 0 [Note] InnoDB: Removed temporary tablespace data file: "ibtmp1"
2018-06-08T14:08:30.156629Z 0 [Note] Shutting down plugin 'MEMORY'
2018-06-08T14:08:30.156654Z 0 [Note] Shutting down plugin 'CSV'
2018-06-08T14:08:30.156676Z 0 [Note] Shutting down plugin 'sha256_password'
2018-06-08T14:08:30.156695Z 0 [Note] Shutting down plugin 'mysql_native_password'
2018-06-08T14:08:30.156943Z 0 [Note] Shutting down plugin 'binlog'
2018-06-08T14:08:30.157631Z 0 [Note] /Users/mikidispiter/data/bitnami1/mysql/bin/mysqld.bin: Shutdown complete

2018-06-08T14:08:30.6NZ mysqld_safe mysqld from pid file /Users/mikidispiter/data/bitnami1/mysql/data/mysqld.pid ended
